<?xml version="1.0" encoding="UTF-8"?>
<!-- Generated by org.testng.reporters.JUnitReportReporter -->
<testsuite hostname="DESKTOP-Q6F4DSB" failures="0" tests="1" name="amazon.Testng" time="0.003" errors="0" timestamp="2024-01-10T18:40:02 IST" skipped="0">
  <testcase classname="amazon.Testng" name="test" time="0.003"/>
  <system-out/>
</testsuite> <!-- amazon.Testng -->
