<?xml version="1.0" encoding="UTF-8"?>
<!-- Generated by org.testng.reporters.JUnitReportReporter -->
<testsuite hostname="DESKTOP-Q6F4DSB" failures="0" tests="1" name="HRM1.Testng" time="0.001" errors="0" timestamp="2024-02-18T19:45:48 IST" skipped="0">
  <testcase classname="HRM1.Testng" name="test" time="0.001"/>
  <system-out/>
</testsuite> <!-- HRM1.Testng -->
