<?xml version="1.0" encoding="UTF-8"?>
<!-- Generated by org.testng.reporters.JUnitReportReporter -->
<testsuite hostname="DESKTOP-Q6F4DSB" failures="0" tests="1" name="Test_Packages.Test123" time="0.005" errors="0" timestamp="2024-02-18T19:45:48 IST" skipped="0">
  <testcase classname="Test_Packages.Test123" name="test" time="0.005"/>
  <system-out/>
</testsuite> <!-- Test_Packages.Test123 -->
