<?xml version="1.0" encoding="UTF-8"?>
<!-- Generated by org.testng.reporters.JUnitReportReporter -->
<testsuite hostname="DESKTOP-Q6F4DSB" failures="0" tests="1" name="Test_Packages.New_TestNG" time="19.759" errors="0" timestamp="2024-02-18T19:45:48 IST" skipped="0">
  <testcase classname="Test_Packages.New_TestNG" name="verifytheDesktopPage" time="19.759"/>
  <system-out/>
</testsuite> <!-- Test_Packages.New_TestNG -->
